<?xml version="1.0" encoding="UTF-8"?>
<!-- Generated by org.testng.reporters.JUnitXMLReporter -->
<testsuite ignored="0" hostname="Diksha-PC" failures="0" tests="3" name="Default test" time="176.333" errors="0" timestamp="02 Oct 2023 18:10:52 GMT">
  <testcase classname="com.test.testcases.UITest" name="BahrainTest" time="78.015"/>
  <testcase classname="com.test.testcases.UITest" name="KSATest" time="33.319"/>
  <testcase classname="com.test.testcases.UITest" name="KuwaitTest" time="36.147"/>
</testsuite> <!-- Default test -->
