<?xml version="1.0" encoding="UTF-8"?>
<testng-results ignored="0" total="3" passed="3" failed="0" skipped="0">
  <reporter-output>
  </reporter-output>
  <suite started-at="2023-10-02T18:07:56Z" name="Default suite" finished-at="2023-10-02T18:10:52Z" duration-ms="176333">
    <groups>
    </groups>
    <test started-at="2023-10-02T18:07:56Z" name="Default test" finished-at="2023-10-02T18:10:52Z" duration-ms="176333">
      <class name="com.test.testcases.UITest">
        <test-method is-config="true" signature="beforeSuite()[pri:0, instance:com.test.testcases.UITest@600b9d27]" started-at="2023-10-02T23:37:56Z" name="beforeSuite" finished-at="2023-10-02T23:37:56Z" duration-ms="12" status="PASS">
          <reporter-output>
          </reporter-output>
        </test-method> <!-- beforeSuite -->
        <test-method is-config="true" signature="before()[pri:0, instance:com.test.testcases.UITest@600b9d27]" started-at="2023-10-02T23:37:56Z" name="before" finished-at="2023-10-02T23:38:24Z" duration-ms="28616" status="PASS">
          <reporter-output>
          </reporter-output>
        </test-method> <!-- before -->
        <test-method signature="BahrainTest()[pri:0, instance:com.test.testcases.UITest@600b9d27]" started-at="2023-10-02T23:38:24Z" name="BahrainTest" finished-at="2023-10-02T23:39:42Z" duration-ms="78015" status="PASS">
          <reporter-output>
          </reporter-output>
        </test-method> <!-- BahrainTest -->
        <test-method signature="KSATest()[pri:0, instance:com.test.testcases.UITest@600b9d27]" started-at="2023-10-02T23:39:42Z" name="KSATest" finished-at="2023-10-02T23:40:16Z" duration-ms="33319" status="PASS">
          <reporter-output>
          </reporter-output>
        </test-method> <!-- KSATest -->
        <test-method signature="KuwaitTest()[pri:0, instance:com.test.testcases.UITest@600b9d27]" started-at="2023-10-02T23:40:16Z" name="KuwaitTest" finished-at="2023-10-02T23:40:52Z" duration-ms="36147" status="PASS">
          <reporter-output>
          </reporter-output>
        </test-method> <!-- KuwaitTest -->
        <test-method is-config="true" signature="after()[pri:0, instance:com.test.testcases.UITest@600b9d27]" started-at="2023-10-02T23:40:52Z" name="after" finished-at="2023-10-02T23:40:52Z" duration-ms="198" status="PASS">
          <reporter-output>
          </reporter-output>
        </test-method> <!-- after -->
      </class> <!-- com.test.testcases.UITest -->
    </test> <!-- Default test -->
  </suite> <!-- Default suite -->
</testng-results>
