<?xml version="1.0" encoding="UTF-8"?>
<testng-results skipped="0" failed="0" ignored="0" total="1" passed="1">
  <reporter-output>
  </reporter-output>
  <suite name="Default suite" duration-ms="14962" started-at="2023-09-26T04:42:14Z" finished-at="2023-09-26T04:42:29Z">
    <groups>
    </groups>
    <test name="Default test" duration-ms="14962" started-at="2023-09-26T04:42:14Z" finished-at="2023-09-26T04:42:29Z">
      <class name="com.test.testcases.UITest">
        <test-method status="PASS" signature="beforeSuite()[pri:0, instance:com.test.testcases.UITest@1e802ef9]" name="beforeSuite" is-config="true" duration-ms="55" started-at="2023-09-26T10:12:14Z" finished-at="2023-09-26T10:12:14Z">
          <reporter-output>
          </reporter-output>
        </test-method> <!-- beforeSuite -->
        <test-method status="PASS" signature="before()[pri:0, instance:com.test.testcases.UITest@1e802ef9]" name="before" is-config="true" duration-ms="13731" started-at="2023-09-26T10:12:14Z" finished-at="2023-09-26T10:12:28Z">
          <reporter-output>
          </reporter-output>
        </test-method> <!-- before -->
        <test-method status="PASS" signature="SearchAmazon()[pri:0, instance:com.test.testcases.UITest@1e802ef9]" name="SearchAmazon" duration-ms="1209" started-at="2023-09-26T10:12:28Z" finished-at="2023-09-26T10:12:29Z">
          <reporter-output>
          </reporter-output>
        </test-method> <!-- SearchAmazon -->
      </class> <!-- com.test.testcases.UITest -->
    </test> <!-- Default test -->
  </suite> <!-- Default suite -->
</testng-results>
